This file contains any messages produced by compilers while
running configure, to aid debugging if configure makes a mistake.

It was created by configure, which was
generated by GNU Autoconf 2.69.  Invocation command line was

  $ ./configure --prefix=/data/data/com.termux/files/home

## --------- ##
## Platform. ##
## --------- ##

hostname = localhost
uname -m = aarch64
uname -r = 3.10.84-perf
uname -s = Linux
uname -v = #1 SMP PREEMPT Tue Dec 27 18:54:07 CST 2016

/usr/bin/uname -p = unknown
/bin/uname -X     = unknown

/bin/arch              = unknown
/usr/bin/arch -k       = unknown
/usr/convex/getsysinfo = unknown
/usr/bin/hostinfo      = unknown
/bin/machine           = unknown
/usr/bin/oslevel       = unknown
/bin/universe          = unknown

PATH: /data/data/com.termux/files/home/bin
PATH: /data/data/com.termux/files/usr/bin
PATH: /data/data/com.termux/files/usr/bin/applets


## ----------- ##
## Core tests. ##
## ----------- ##

configure:1997: checking for gcc
configure:2013: found /data/data/com.termux/files/usr/bin/gcc
configure:2024: result: gcc
configure:2253: checking for C compiler version
configure:2262: gcc --version >&5
clang version 7.0.1 (tags/RELEASE_701/final)
Target: aarch64--linux-android
Thread model: posix
InstalledDir: /data/data/com.termux/files/usr/bin
configure:2273: $? = 0
configure:2262: gcc -v >&5
clang version 7.0.1 (tags/RELEASE_701/final)
Target: aarch64--linux-android
Thread model: posix
InstalledDir: /data/data/com.termux/files/usr/bin
configure:2273: $? = 0
configure:2262: gcc -V >&5
clang-7: error: argument to '-V' is missing (expected 1 value)
clang-7: error: no input files
configure:2273: $? = 1
configure:2262: gcc -qversion >&5
clang-7: error: unknown argument '-qversion', did you mean '--version'?
clang-7: error: no input files
configure:2273: $? = 1
configure:2293: checking whether the C compiler works
configure:2315: gcc    conftest.c  >&5
configure:2319: $? = 0
configure:2367: result: yes
configure:2370: checking for C compiler default output file name
configure:2372: result: a.out
configure:2378: checking for suffix of executables
configure:2385: gcc -o conftest    conftest.c  >&5
configure:2389: $? = 0
configure:2411: result: 
configure:2433: checking whether we are cross compiling
configure:2441: gcc -o conftest    conftest.c  >&5
configure:2445: $? = 0
configure:2452: ./conftest
configure:2456: $? = 0
configure:2471: result: no
configure:2476: checking for suffix of object files
configure:2498: gcc -c   conftest.c >&5
configure:2502: $? = 0
configure:2523: result: o
configure:2527: checking whether we are using the GNU C compiler
configure:2546: gcc -c   conftest.c >&5
configure:2546: $? = 0
configure:2555: result: yes
configure:2564: checking whether gcc accepts -g
configure:2584: gcc -c -g  conftest.c >&5
configure:2584: $? = 0
configure:2625: result: yes
configure:2642: checking for gcc option to accept ISO C89
configure:2705: gcc  -c -g -O2  conftest.c >&5
configure:2705: $? = 0
configure:2718: result: none needed
configure:2781: checking for a BSD-compatible install
configure:2849: result: /data/data/com.termux/files/usr/bin/applets/install -c
configure:2866: checking how to run the C preprocessor
configure:2897: gcc -E  conftest.c
configure:2897: $? = 0
configure:2911: gcc -E  conftest.c
conftest.c:9:10: fatal error: 'ac_nonexistent.h' file not found
#include <ac_nonexistent.h>
         ^~~~~~~~~~~~~~~~~~
1 error generated.
configure:2911: $? = 1
configure: failed program was:
| /* confdefs.h */
| #define PACKAGE_NAME ""
| #define PACKAGE_TARNAME ""
| #define PACKAGE_VERSION ""
| #define PACKAGE_STRING ""
| #define PACKAGE_BUGREPORT ""
| #define PACKAGE_URL ""
| /* end confdefs.h.  */
| #include <ac_nonexistent.h>
configure:2936: result: gcc -E
configure:2956: gcc -E  conftest.c
configure:2956: $? = 0
configure:2970: gcc -E  conftest.c
conftest.c:9:10: fatal error: 'ac_nonexistent.h' file not found
#include <ac_nonexistent.h>
         ^~~~~~~~~~~~~~~~~~
1 error generated.
configure:2970: $? = 1
configure: failed program was:
| /* confdefs.h */
| #define PACKAGE_NAME ""
| #define PACKAGE_TARNAME ""
| #define PACKAGE_VERSION ""
| #define PACKAGE_STRING ""
| #define PACKAGE_BUGREPORT ""
| #define PACKAGE_URL ""
| /* end confdefs.h.  */
| #include <ac_nonexistent.h>
configure:2999: checking for grep that handles long lines and -e
configure:3057: result: /data/data/com.termux/files/usr/bin/applets/grep
configure:3062: checking for egrep
configure:3124: result: /data/data/com.termux/files/usr/bin/applets/grep -E
configure:3129: checking for ANSI C header files
configure:3149: gcc -c -g -O2  conftest.c >&5
configure:3149: $? = 0
configure:3222: gcc -o conftest -g -O2   conftest.c  >&5
configure:3222: $? = 0
configure:3222: ./conftest
configure:3222: $? = 0
configure:3233: result: yes
configure:3246: checking for sys/types.h
configure:3246: gcc -c -g -O2  conftest.c >&5
configure:3246: $? = 0
configure:3246: result: yes
configure:3246: checking for sys/stat.h
configure:3246: gcc -c -g -O2  conftest.c >&5
configure:3246: $? = 0
configure:3246: result: yes
configure:3246: checking for stdlib.h
configure:3246: gcc -c -g -O2  conftest.c >&5
configure:3246: $? = 0
configure:3246: result: yes
configure:3246: checking for string.h
configure:3246: gcc -c -g -O2  conftest.c >&5
configure:3246: $? = 0
configure:3246: result: yes
configure:3246: checking for memory.h
configure:3246: gcc -c -g -O2  conftest.c >&5
configure:3246: $? = 0
configure:3246: result: yes
configure:3246: checking for strings.h
configure:3246: gcc -c -g -O2  conftest.c >&5
configure:3246: $? = 0
configure:3246: result: yes
configure:3246: checking for inttypes.h
configure:3246: gcc -c -g -O2  conftest.c >&5
configure:3246: $? = 0
configure:3246: result: yes
configure:3246: checking for stdint.h
configure:3246: gcc -c -g -O2  conftest.c >&5
configure:3246: $? = 0
configure:3246: result: yes
configure:3246: checking for unistd.h
configure:3246: gcc -c -g -O2  conftest.c >&5
configure:3246: $? = 0
configure:3246: result: yes
configure:3258: checking whether byte ordering is bigendian
configure:3273: gcc -c -g -O2  conftest.c >&5
conftest.c:20:9: error: unknown type name 'not'
               not a universal capable compiler
               ^
conftest.c:20:14: error: expected ';' after top level declarator
               not a universal capable compiler
                    ^
                    ;
2 errors generated.
configure:3273: $? = 1
configure: failed program was:
| /* confdefs.h */
| #define PACKAGE_NAME ""
| #define PACKAGE_TARNAME ""
| #define PACKAGE_VERSION ""
| #define PACKAGE_STRING ""
| #define PACKAGE_BUGREPORT ""
| #define PACKAGE_URL ""
| #define STDC_HEADERS 1
| #define HAVE_SYS_TYPES_H 1
| #define HAVE_SYS_STAT_H 1
| #define HAVE_STDLIB_H 1
| #define HAVE_STRING_H 1
| #define HAVE_MEMORY_H 1
| #define HAVE_STRINGS_H 1
| #define HAVE_INTTYPES_H 1
| #define HAVE_STDINT_H 1
| #define HAVE_UNISTD_H 1
| /* end confdefs.h.  */
| #ifndef __APPLE_CC__
| 	       not a universal capable compiler
| 	     #endif
| 	     typedef int dummy;
| 
configure:3318: gcc -c -g -O2  conftest.c >&5
conftest.c:26:8: error: use of undeclared identifier 'bogus'
              bogus endian macros
              ^
1 error generated.
configure:3318: $? = 1
configure: failed program was:
| /* confdefs.h */
| #define PACKAGE_NAME ""
| #define PACKAGE_TARNAME ""
| #define PACKAGE_VERSION ""
| #define PACKAGE_STRING ""
| #define PACKAGE_BUGREPORT ""
| #define PACKAGE_URL ""
| #define STDC_HEADERS 1
| #define HAVE_SYS_TYPES_H 1
| #define HAVE_SYS_STAT_H 1
| #define HAVE_STDLIB_H 1
| #define HAVE_STRING_H 1
| #define HAVE_MEMORY_H 1
| #define HAVE_STRINGS_H 1
| #define HAVE_INTTYPES_H 1
| #define HAVE_STDINT_H 1
| #define HAVE_UNISTD_H 1
| /* end confdefs.h.  */
| #include <sys/types.h>
| 	     #include <sys/param.h>
| 
| int
| main ()
| {
| #if ! (defined BYTE_ORDER && defined BIG_ENDIAN 		     && defined LITTLE_ENDIAN && BYTE_ORDER && BIG_ENDIAN 		     && LITTLE_ENDIAN)
| 	      bogus endian macros
| 	     #endif
| 
|   ;
|   return 0;
| }
configure:3362: gcc -c -g -O2  conftest.c >&5
conftest.c:25:8: error: use of undeclared identifier 'bogus'
              bogus endian macros
              ^
1 error generated.
configure:3362: $? = 1
configure: failed program was:
| /* confdefs.h */
| #define PACKAGE_NAME ""
| #define PACKAGE_TARNAME ""
| #define PACKAGE_VERSION ""
| #define PACKAGE_STRING ""
| #define PACKAGE_BUGREPORT ""
| #define PACKAGE_URL ""
| #define STDC_HEADERS 1
| #define HAVE_SYS_TYPES_H 1
| #define HAVE_SYS_STAT_H 1
| #define HAVE_STDLIB_H 1
| #define HAVE_STRING_H 1
| #define HAVE_MEMORY_H 1
| #define HAVE_STRINGS_H 1
| #define HAVE_INTTYPES_H 1
| #define HAVE_STDINT_H 1
| #define HAVE_UNISTD_H 1
| /* end confdefs.h.  */
| #include <limits.h>
| 
| int
| main ()
| {
| #if ! (defined _LITTLE_ENDIAN || defined _BIG_ENDIAN)
| 	      bogus endian macros
| 	     #endif
| 
|   ;
|   return 0;
| }
configure:3453: gcc -o conftest -g -O2   conftest.c  >&5
configure:3453: $? = 0
configure:3453: ./conftest
configure:3453: $? = 0
configure:3464: result: no
configure:3513: checking Operating System
configure:3568: checking for main in -lutil
configure:3587: gcc -o conftest -Isrc/ -I. -L . -I/data/data/com.termux/files/home/include -L/data/data/com.termux/files/home/lib -fPIC -rdynamic -DPREFIX="\"${DESTDIR}/\""   conftest.c -lutil   >&5
configure:3587: $? = 0
configure:3596: result: yes
configure:3815: creating ./config.status

## ---------------------- ##
## Running config.status. ##
## ---------------------- ##

This file was extended by config.status, which was
generated by GNU Autoconf 2.69.  Invocation command line was

  CONFIG_FILES    = 
  CONFIG_HEADERS  = 
  CONFIG_LINKS    = 
  CONFIG_COMMANDS = 
  $ ./config.status 

on localhost

config.status:730: creating Makefile

## ---------------- ##
## Cache variables. ##
## ---------------- ##

ac_cv_c_bigendian='no'
ac_cv_c_compiler_gnu='yes'
ac_cv_env_CC_set=''
ac_cv_env_CC_value=''
ac_cv_env_CFLAGS_set=''
ac_cv_env_CFLAGS_value=''
ac_cv_env_CPPFLAGS_set=''
ac_cv_env_CPPFLAGS_value=''
ac_cv_env_CPP_set=''
ac_cv_env_CPP_value=''
ac_cv_env_LDFLAGS_set=''
ac_cv_env_LDFLAGS_value=''
ac_cv_env_LIBS_set=''
ac_cv_env_LIBS_value=''
ac_cv_env_build_alias_set=''
ac_cv_env_build_alias_value=''
ac_cv_env_host_alias_set=''
ac_cv_env_host_alias_value=''
ac_cv_env_target_alias_set=''
ac_cv_env_target_alias_value=''
ac_cv_header_inttypes_h='yes'
ac_cv_header_memory_h='yes'
ac_cv_header_stdc='yes'
ac_cv_header_stdint_h='yes'
ac_cv_header_stdlib_h='yes'
ac_cv_header_string_h='yes'
ac_cv_header_strings_h='yes'
ac_cv_header_sys_stat_h='yes'
ac_cv_header_sys_types_h='yes'
ac_cv_header_unistd_h='yes'
ac_cv_lib_util='ac_cv_lib_util_main'
ac_cv_lib_util_main='yes'
ac_cv_objext='o'
ac_cv_path_EGREP='/data/data/com.termux/files/usr/bin/applets/grep -E'
ac_cv_path_GREP='/data/data/com.termux/files/usr/bin/applets/grep'
ac_cv_path_install='/data/data/com.termux/files/usr/bin/applets/install -c'
ac_cv_prog_CPP='gcc -E'
ac_cv_prog_ac_ct_CC='gcc'
ac_cv_prog_cc_c89=''
ac_cv_prog_cc_g='yes'

## ----------------- ##
## Output variables. ##
## ----------------- ##

CC='gcc'
CFLAGS='-Isrc/ -I. -L . -I/data/data/com.termux/files/home/include -L/data/data/com.termux/files/home/lib -fPIC -rdynamic -DPREFIX="\"${DESTDIR}/\""'
CPP='gcc -E'
CPPFLAGS=''
DEFS='-DPACKAGE_NAME=\"\" -DPACKAGE_TARNAME=\"\" -DPACKAGE_VERSION=\"\" -DPACKAGE_STRING=\"\" -DPACKAGE_BUGREPORT=\"\" -DPACKAGE_URL=\"\" -DSTDC_HEADERS=1 -DHAVE_SYS_TYPES_H=1 -DHAVE_SYS_STAT_H=1 -DHAVE_STDLIB_H=1 -DHAVE_STRING_H=1 -DHAVE_MEMORY_H=1 -DHAVE_STRINGS_H=1 -DHAVE_INTTYPES_H=1 -DHAVE_STDINT_H=1 -DHAVE_UNISTD_H=1 -D__LINUX__=1'
DESTDIR='/data/data/com.termux/files/home'
ECHO_C=''
ECHO_N='-n'
ECHO_T=''
EGREP='/data/data/com.termux/files/usr/bin/applets/grep -E'
EXEEXT=''
GREP='/data/data/com.termux/files/usr/bin/applets/grep'
INSTALL_DATA='${INSTALL} -m 644'
INSTALL_PROGRAM='${INSTALL}'
INSTALL_SCRIPT='${INSTALL}'
LDFLAGS=''
LIBOBJS=''
LIBS=' -lutil'
LTLIBOBJS=''
OBJEXT='o'
OS='LINUX'
PACKAGE_BUGREPORT=''
PACKAGE_NAME=''
PACKAGE_STRING=''
PACKAGE_TARNAME=''
PACKAGE_URL=''
PACKAGE_VERSION=''
PATH_SEPARATOR=':'
SHELL='/bin/sh'
ac_ct_CC='gcc'
bindir='${exec_prefix}/bin'
build_alias=''
datadir='${datarootdir}'
datarootdir='${prefix}/share'
docdir='${datarootdir}/doc/${PACKAGE}'
dvidir='${docdir}'
exec_prefix='${prefix}'
host_alias=''
htmldir='${docdir}'
includedir='${prefix}/include'
infodir='${datarootdir}/info'
libdir='${exec_prefix}/lib'
libexecdir='${exec_prefix}/libexec'
localedir='${datarootdir}/locale'
localstatedir='${prefix}/var'
mandir='${datarootdir}/man'
oldincludedir='/usr/include'
pdfdir='${docdir}'
prefix='/data/data/com.termux/files/home'
program_transform_name='s,x,x,'
psdir='${docdir}'
runstatedir='${localstatedir}/run'
sbindir='${exec_prefix}/sbin'
sharedstatedir='${prefix}/com'
sysconfdir='${prefix}/etc'
target_alias=''

## ----------- ##
## confdefs.h. ##
## ----------- ##

/* confdefs.h */
#define PACKAGE_NAME ""
#define PACKAGE_TARNAME ""
#define PACKAGE_VERSION ""
#define PACKAGE_STRING ""
#define PACKAGE_BUGREPORT ""
#define PACKAGE_URL ""
#define STDC_HEADERS 1
#define HAVE_SYS_TYPES_H 1
#define HAVE_SYS_STAT_H 1
#define HAVE_STDLIB_H 1
#define HAVE_STRING_H 1
#define HAVE_MEMORY_H 1
#define HAVE_STRINGS_H 1
#define HAVE_INTTYPES_H 1
#define HAVE_STDINT_H 1
#define HAVE_UNISTD_H 1
#define __LINUX__ 1

configure: exit 0
